D:\CTRLNAV\CTRLNAV\VCPROJECTS\ARDRONE\ARDRONEAPI\DEBUG\ARDRONE_API.OBJ
D:\CTRLNAV\CTRLNAV\VCPROJECTS\ARDRONE\ARDRONEAPI\DEBUG\ARDRONE_CONTROL.OBJ
D:\CTRLNAV\CTRLNAV\VCPROJECTS\ARDRONE\ARDRONEAPI\DEBUG\ARDRONE_CONTROL_ACK.OBJ
D:\CTRLNAV\CTRLNAV\VCPROJECTS\ARDRONE\ARDRONEAPI\DEBUG\ARDRONE_CONTROL_CONFIGURATION.OBJ
D:\CTRLNAV\CTRLNAV\VCPROJECTS\ARDRONE\ARDRONEAPI\DEBUG\ARDRONE_CONTROL_SOFT_UPDATE.OBJ
D:\CTRLNAV\CTRLNAV\VCPROJECTS\ARDRONE\ARDRONEAPI\DEBUG\ARDRONE_INPUT.OBJ
D:\CTRLNAV\CTRLNAV\VCPROJECTS\ARDRONE\ARDRONEAPI\DEBUG\ARDRONE_NAVDATA_CLIENT.OBJ
D:\CTRLNAV\CTRLNAV\VCPROJECTS\ARDRONE\ARDRONEAPI\DEBUG\ARDRONE_NAVDATA_CONTROL.OBJ
D:\CTRLNAV\CTRLNAV\VCPROJECTS\ARDRONE\ARDRONEAPI\DEBUG\ARDRONE_NAVDATA_FILE.OBJ
D:\CTRLNAV\CTRLNAV\VCPROJECTS\ARDRONE\ARDRONEAPI\DEBUG\ARDRONE_TIME.OBJ
D:\CTRLNAV\CTRLNAV\VCPROJECTS\ARDRONE\ARDRONEAPI\DEBUG\ARDRONE_TOOL_UI.OBJ
D:\CTRLNAV\CTRLNAV\VCPROJECTS\ARDRONE\ARDRONEAPI\DEBUG\ATCODEC.OBJ
D:\CTRLNAV\CTRLNAV\VCPROJECTS\ARDRONE\ARDRONEAPI\DEBUG\ATCODEC_API.OBJ
D:\CTRLNAV\CTRLNAV\VCPROJECTS\ARDRONE\ARDRONEAPI\DEBUG\ATCODEC_BUFFER.OBJ
D:\CTRLNAV\CTRLNAV\VCPROJECTS\ARDRONE\ARDRONEAPI\DEBUG\ATCODEC_MEMORY.OBJ
D:\CTRLNAV\CTRLNAV\VCPROJECTS\ARDRONE\ARDRONEAPI\DEBUG\ATCODEC_SORTED_LIST.OBJ
D:\CTRLNAV\CTRLNAV\VCPROJECTS\ARDRONE\ARDRONEAPI\DEBUG\ATCODEC_TREE.OBJ
D:\CTRLNAV\CTRLNAV\VCPROJECTS\ARDRONE\ARDRONEAPI\DEBUG\BUFFER_TO_PICTURE_STAGE.OBJ
D:\CTRLNAV\CTRLNAV\VCPROJECTS\ARDRONE\ARDRONEAPI\DEBUG\CONFIG_SERIAL.OBJ
D:\CTRLNAV\CTRLNAV\VCPROJECTS\ARDRONE\ARDRONEAPI\DEBUG\CONFIG_WIFI.OBJ
D:\CTRLNAV\CTRLNAV\VCPROJECTS\ARDRONE\ARDRONEAPI\DEBUG\DICTIONARY.OBJ
D:\CTRLNAV\CTRLNAV\VCPROJECTS\ARDRONE\ARDRONEAPI\DEBUG\FILTER.OBJ
D:\CTRLNAV\CTRLNAV\VCPROJECTS\ARDRONE\ARDRONEAPI\DEBUG\INIPARSER.OBJ
D:\CTRLNAV\CTRLNAV\VCPROJECTS\ARDRONE\ARDRONEAPI\DEBUG\MATHS.OBJ
D:\CTRLNAV\CTRLNAV\VCPROJECTS\ARDRONE\ARDRONEAPI\DEBUG\MATRICES.OBJ
D:\CTRLNAV\CTRLNAV\VCPROJECTS\ARDRONE\ARDRONEAPI\DEBUG\MATRIX3D.OBJ
D:\CTRLNAV\CTRLNAV\VCPROJECTS\ARDRONE\ARDRONEAPI\DEBUG\NAVDATA.OBJ
D:\CTRLNAV\CTRLNAV\VCPROJECTS\ARDRONE\ARDRONEAPI\DEBUG\P263_CODEC.OBJ
D:\CTRLNAV\CTRLNAV\VCPROJECTS\ARDRONE\ARDRONEAPI\DEBUG\P263_GOB_LAYER.OBJ
D:\CTRLNAV\CTRLNAV\VCPROJECTS\ARDRONE\ARDRONEAPI\DEBUG\P263_HUFFMAN.OBJ
D:\CTRLNAV\CTRLNAV\VCPROJECTS\ARDRONE\ARDRONEAPI\DEBUG\P263_MB_LAYER.OBJ
D:\CTRLNAV\CTRLNAV\VCPROJECTS\ARDRONE\ARDRONEAPI\DEBUG\P263_PICTURE_LAYER.OBJ
D:\CTRLNAV\CTRLNAV\VCPROJECTS\ARDRONE\ARDRONEAPI\DEBUG\TIME.OBJ
D:\CTRLNAV\CTRLNAV\VCPROJECTS\ARDRONE\ARDRONEAPI\DEBUG\UVLC.OBJ
D:\CTRLNAV\CTRLNAV\VCPROJECTS\ARDRONE\ARDRONEAPI\DEBUG\UVLC_CODEC.OBJ
D:\CTRLNAV\CTRLNAV\VCPROJECTS\ARDRONE\ARDRONEAPI\DEBUG\UVLC_GOB_LAYER.OBJ
D:\CTRLNAV\CTRLNAV\VCPROJECTS\ARDRONE\ARDRONEAPI\DEBUG\UVLC_MB_LAYER.OBJ
D:\CTRLNAV\CTRLNAV\VCPROJECTS\ARDRONE\ARDRONEAPI\DEBUG\UVLC_PICTURE_LAYER.OBJ
D:\CTRLNAV\CTRLNAV\VCPROJECTS\ARDRONE\ARDRONEAPI\DEBUG\VC100.PDB
D:\CTRLNAV\CTRLNAV\VCPROJECTS\ARDRONE\ARDRONEAPI\DEBUG\VIDEO_CODEC.OBJ
D:\CTRLNAV\CTRLNAV\VCPROJECTS\ARDRONE\ARDRONEAPI\DEBUG\VIDEO_COM_STAGE.OBJ
D:\CTRLNAV\CTRLNAV\VCPROJECTS\ARDRONE\ARDRONEAPI\DEBUG\VIDEO_CONTROLLER.OBJ
D:\CTRLNAV\CTRLNAV\VCPROJECTS\ARDRONE\ARDRONEAPI\DEBUG\VIDEO_DCT.OBJ
D:\CTRLNAV\CTRLNAV\VCPROJECTS\ARDRONE\ARDRONEAPI\DEBUG\VIDEO_HUFFMAN.OBJ
D:\CTRLNAV\CTRLNAV\VCPROJECTS\ARDRONE\ARDRONEAPI\DEBUG\VIDEO_MACROBLOCK.OBJ
D:\CTRLNAV\CTRLNAV\VCPROJECTS\ARDRONE\ARDRONEAPI\DEBUG\VIDEO_MEM32.OBJ
D:\CTRLNAV\CTRLNAV\VCPROJECTS\ARDRONE\ARDRONEAPI\DEBUG\VIDEO_PACKETIZER.OBJ
D:\CTRLNAV\CTRLNAV\VCPROJECTS\ARDRONE\ARDRONEAPI\DEBUG\VIDEO_PICTURE.OBJ
D:\CTRLNAV\CTRLNAV\VCPROJECTS\ARDRONE\ARDRONEAPI\DEBUG\VIDEO_QUANTIZER.OBJ
D:\CTRLNAV\CTRLNAV\VCPROJECTS\ARDRONE\ARDRONEAPI\DEBUG\VIDEO_STAGE_RECORDER.OBJ
D:\CTRLNAV\CTRLNAV\VCPROJECTS\ARDRONE\ARDRONEAPI\DEBUG\VIDEO_UTILS.OBJ
D:\CTRLNAV\CTRLNAV\VCPROJECTS\ARDRONE\ARDRONEAPI\DEBUG\VISION_MATH.OBJ
D:\CTRLNAV\CTRLNAV\VCPROJECTS\ARDRONE\ARDRONEAPI\DEBUG\VLIB_STAGE_DECODE.OBJ
D:\CTRLNAV\CTRLNAV\VCPROJECTS\ARDRONE\ARDRONEAPI\DEBUG\VLIB_STAGE_ENCODE.OBJ
D:\CTRLNAV\CTRLNAV\VCPROJECTS\ARDRONE\ARDRONEAPI\DEBUG\VP_API.OBJ
D:\CTRLNAV\CTRLNAV\VCPROJECTS\ARDRONE\ARDRONEAPI\DEBUG\VP_API_ERROR.OBJ
D:\CTRLNAV\CTRLNAV\VCPROJECTS\ARDRONE\ARDRONEAPI\DEBUG\VP_API_IO_MULTI_STAGE.OBJ
D:\CTRLNAV\CTRLNAV\VCPROJECTS\ARDRONE\ARDRONEAPI\DEBUG\VP_API_STAGE.OBJ
D:\CTRLNAV\CTRLNAV\VCPROJECTS\ARDRONE\ARDRONEAPI\DEBUG\VP_API_SUPERVISOR.OBJ
D:\CTRLNAV\CTRLNAV\VCPROJECTS\ARDRONE\ARDRONEAPI\DEBUG\VP_API_THREAD_HELPER.OBJ
D:\CTRLNAV\CTRLNAV\VCPROJECTS\ARDRONE\ARDRONEAPI\DEBUG\VP_COM.OBJ
D:\CTRLNAV\CTRLNAV\VCPROJECTS\ARDRONE\ARDRONEAPI\DEBUG\VP_COM_CONFIG_ITF.OBJ
D:\CTRLNAV\CTRLNAV\VCPROJECTS\ARDRONE\ARDRONEAPI\DEBUG\VP_COM_ERROR.OBJ
D:\CTRLNAV\CTRLNAV\VCPROJECTS\ARDRONE\ARDRONEAPI\DEBUG\VP_COM_SOCKET.OBJ
D:\CTRLNAV\CTRLNAV\VCPROJECTS\ARDRONE\ARDRONEAPI\DEBUG\VP_COM_SOCKET_UTILS.OBJ
D:\CTRLNAV\CTRLNAV\VCPROJECTS\ARDRONE\ARDRONEAPI\DEBUG\VP_COM_WIFI.OBJ
D:\CTRLNAV\CTRLNAV\VCPROJECTS\ARDRONE\ARDRONEAPI\DEBUG\VP_OS_DELAY.OBJ
D:\CTRLNAV\CTRLNAV\VCPROJECTS\ARDRONE\ARDRONEAPI\DEBUG\VP_OS_ERROR_HANDLING.OBJ
D:\CTRLNAV\CTRLNAV\VCPROJECTS\ARDRONE\ARDRONEAPI\DEBUG\VP_OS_MALLOC.OBJ
D:\CTRLNAV\CTRLNAV\VCPROJECTS\ARDRONE\ARDRONEAPI\DEBUG\VP_OS_SIGNAL.OBJ
D:\CTRLNAV\CTRLNAV\VCPROJECTS\ARDRONE\ARDRONEAPI\DEBUG\VP_OS_THREAD.OBJ
D:\CTRLNAV\CTRLNAV\VCPROJECTS\ARDRONE\ARDRONEAPI\DEBUG\VP_STAGES_BUFFER_TO_PICTURE.OBJ
D:\CTRLNAV\CTRLNAV\VCPROJECTS\ARDRONE\ARDRONEAPI\DEBUG\VP_STAGES_CONFIGS.OBJ
D:\CTRLNAV\CTRLNAV\VCPROJECTS\ARDRONE\ARDRONEAPI\DEBUG\VP_STAGES_FRAME_PIPE.OBJ
D:\CTRLNAV\CTRLNAV\VCPROJECTS\ARDRONE\ARDRONEAPI\DEBUG\VP_STAGES_IO_BUFFER.OBJ
D:\CTRLNAV\CTRLNAV\VCPROJECTS\ARDRONE\ARDRONEAPI\DEBUG\VP_STAGES_IO_COM.OBJ
D:\CTRLNAV\CTRLNAV\VCPROJECTS\ARDRONE\ARDRONEAPI\DEBUG\VP_STAGES_IO_CONSOLE.OBJ
D:\CTRLNAV\CTRLNAV\VCPROJECTS\ARDRONE\ARDRONEAPI\DEBUG\VP_STAGES_IO_FILE.OBJ
D:\CTRLNAV\CTRLNAV\VCPROJECTS\ARDRONE\ARDRONEAPI\DEBUG\VP_STAGES_O_SDL.OBJ
D:\CTRLNAV\CTRLNAV\VCPROJECTS\ARDRONE\ARDRONEAPI\DEBUG\VP_STAGES_YUV2RGB.OBJ
D:\CtrlNav\project\CtrlNav\VCProjects\ARDrone\ArDroneAPI\Debug\ardrone_api.obj
D:\CtrlNav\project\CtrlNav\VCProjects\ARDrone\ArDroneAPI\Debug\ardrone_control.obj
D:\CtrlNav\project\CtrlNav\VCProjects\ARDrone\ArDroneAPI\Debug\ardrone_control_ack.obj
D:\CtrlNav\project\CtrlNav\VCProjects\ARDrone\ArDroneAPI\Debug\ardrone_control_configuration.obj
D:\CtrlNav\project\CtrlNav\VCProjects\ARDrone\ArDroneAPI\Debug\ardrone_control_soft_update.obj
D:\CtrlNav\project\CtrlNav\VCProjects\ARDrone\ArDroneAPI\Debug\ardrone_input.obj
D:\CtrlNav\project\CtrlNav\VCProjects\ARDrone\ArDroneAPI\Debug\ardrone_navdata_client.obj
D:\CtrlNav\project\CtrlNav\VCProjects\ARDrone\ArDroneAPI\Debug\ardrone_navdata_control.obj
D:\CtrlNav\project\CtrlNav\VCProjects\ARDrone\ArDroneAPI\Debug\ardrone_navdata_file.obj
D:\CtrlNav\project\CtrlNav\VCProjects\ARDrone\ArDroneAPI\Debug\ardrone_time.obj
D:\CtrlNav\project\CtrlNav\VCProjects\ARDrone\ArDroneAPI\Debug\ardrone_tool_ui.obj
D:\CtrlNav\project\CtrlNav\VCProjects\ARDrone\ArDroneAPI\Debug\ArDroneAPI.write.1.tlog
D:\CtrlNav\project\CtrlNav\VCProjects\ARDrone\ArDroneAPI\Debug\ATcodec.obj
D:\CtrlNav\project\CtrlNav\VCProjects\ARDrone\ArDroneAPI\Debug\ATcodec_api.obj
D:\CtrlNav\project\CtrlNav\VCProjects\ARDrone\ArDroneAPI\Debug\ATcodec_Buffer.obj
D:\CtrlNav\project\CtrlNav\VCProjects\ARDrone\ArDroneAPI\Debug\ATcodec_Memory.obj
D:\CtrlNav\project\CtrlNav\VCProjects\ARDrone\ArDroneAPI\Debug\ATcodec_Sorted_List.obj
D:\CtrlNav\project\CtrlNav\VCProjects\ARDrone\ArDroneAPI\Debug\ATcodec_Tree.obj
D:\CtrlNav\project\CtrlNav\VCProjects\ARDrone\ArDroneAPI\Debug\buffer_to_picture_stage.obj
D:\CtrlNav\project\CtrlNav\VCProjects\ARDrone\ArDroneAPI\Debug\cl.command.1.tlog
D:\CtrlNav\project\CtrlNav\VCProjects\ARDrone\ArDroneAPI\Debug\CL.read.1.tlog
D:\CtrlNav\project\CtrlNav\VCProjects\ARDrone\ArDroneAPI\Debug\CL.write.1.tlog
D:\CtrlNav\project\CtrlNav\VCProjects\ARDrone\ArDroneAPI\Debug\config_serial.obj
D:\CtrlNav\project\CtrlNav\VCProjects\ARDrone\ArDroneAPI\Debug\config_wifi.obj
D:\CtrlNav\project\CtrlNav\VCProjects\ARDrone\ArDroneAPI\Debug\dictionary.obj
D:\CtrlNav\project\CtrlNav\VCProjects\ARDrone\ArDroneAPI\Debug\filter.obj
D:\CtrlNav\project\CtrlNav\VCProjects\ARDrone\ArDroneAPI\Debug\iniparser.obj
D:\CtrlNav\project\CtrlNav\VCProjects\ARDrone\ArDroneAPI\Debug\maths.obj
D:\CtrlNav\project\CtrlNav\VCProjects\ARDrone\ArDroneAPI\Debug\matrices.obj
D:\CtrlNav\project\CtrlNav\VCProjects\ARDrone\ArDroneAPI\Debug\matrix3d.obj
D:\CtrlNav\project\CtrlNav\VCProjects\ARDrone\ArDroneAPI\Debug\navdata.obj
D:\CtrlNav\project\CtrlNav\VCProjects\ARDrone\ArDroneAPI\Debug\p263_codec.obj
D:\CtrlNav\project\CtrlNav\VCProjects\ARDrone\ArDroneAPI\Debug\p263_gob_layer.obj
D:\CtrlNav\project\CtrlNav\VCProjects\ARDrone\ArDroneAPI\Debug\p263_huffman.obj
D:\CtrlNav\project\CtrlNav\VCProjects\ARDrone\ArDroneAPI\Debug\p263_mb_layer.obj
D:\CtrlNav\project\CtrlNav\VCProjects\ARDrone\ArDroneAPI\Debug\p263_picture_layer.obj
D:\CtrlNav\project\CtrlNav\VCProjects\ARDrone\ArDroneAPI\Debug\time.obj
D:\CtrlNav\project\CtrlNav\VCProjects\ARDrone\ArDroneAPI\Debug\uvlc.obj
D:\CtrlNav\project\CtrlNav\VCProjects\ARDrone\ArDroneAPI\Debug\uvlc_codec.obj
D:\CtrlNav\project\CtrlNav\VCProjects\ARDrone\ArDroneAPI\Debug\uvlc_gob_layer.obj
D:\CtrlNav\project\CtrlNav\VCProjects\ARDrone\ArDroneAPI\Debug\uvlc_mb_layer.obj
D:\CtrlNav\project\CtrlNav\VCProjects\ARDrone\ArDroneAPI\Debug\uvlc_picture_layer.obj
D:\CtrlNav\project\CtrlNav\VCProjects\ARDrone\ArDroneAPI\Debug\vc100.idb
D:\CtrlNav\project\CtrlNav\VCProjects\ARDrone\ArDroneAPI\Debug\vc100.pdb
D:\CtrlNav\project\CtrlNav\VCProjects\ARDrone\ArDroneAPI\Debug\video_codec.obj
D:\CtrlNav\project\CtrlNav\VCProjects\ARDrone\ArDroneAPI\Debug\video_com_stage.obj
D:\CtrlNav\project\CtrlNav\VCProjects\ARDrone\ArDroneAPI\Debug\video_controller.obj
D:\CtrlNav\project\CtrlNav\VCProjects\ARDrone\ArDroneAPI\Debug\video_dct.obj
D:\CtrlNav\project\CtrlNav\VCProjects\ARDrone\ArDroneAPI\Debug\video_huffman.obj
D:\CtrlNav\project\CtrlNav\VCProjects\ARDrone\ArDroneAPI\Debug\video_macroblock.obj
D:\CtrlNav\project\CtrlNav\VCProjects\ARDrone\ArDroneAPI\Debug\video_mem32.obj
D:\CtrlNav\project\CtrlNav\VCProjects\ARDrone\ArDroneAPI\Debug\video_packetizer.obj
D:\CtrlNav\project\CtrlNav\VCProjects\ARDrone\ArDroneAPI\Debug\video_picture.obj
D:\CtrlNav\project\CtrlNav\VCProjects\ARDrone\ArDroneAPI\Debug\video_quantizer.obj
D:\CtrlNav\project\CtrlNav\VCProjects\ARDrone\ArDroneAPI\Debug\video_stage_recorder.obj
D:\CtrlNav\project\CtrlNav\VCProjects\ARDrone\ArDroneAPI\Debug\video_utils.obj
D:\CtrlNav\project\CtrlNav\VCProjects\ARDrone\ArDroneAPI\Debug\vision_math.obj
D:\CtrlNav\project\CtrlNav\VCProjects\ARDrone\ArDroneAPI\Debug\vlib_stage_decode.obj
D:\CtrlNav\project\CtrlNav\VCProjects\ARDrone\ArDroneAPI\Debug\vlib_stage_encode.obj
D:\CtrlNav\project\CtrlNav\VCProjects\ARDrone\ArDroneAPI\Debug\vp_api.obj
D:\CtrlNav\project\CtrlNav\VCProjects\ARDrone\ArDroneAPI\Debug\vp_api_error.obj
D:\CtrlNav\project\CtrlNav\VCProjects\ARDrone\ArDroneAPI\Debug\vp_api_io_multi_stage.obj
D:\CtrlNav\project\CtrlNav\VCProjects\ARDrone\ArDroneAPI\Debug\vp_api_stage.obj
D:\CtrlNav\project\CtrlNav\VCProjects\ARDrone\ArDroneAPI\Debug\vp_api_supervisor.obj
D:\CtrlNav\project\CtrlNav\VCProjects\ARDrone\ArDroneAPI\Debug\vp_api_thread_helper.obj
D:\CtrlNav\project\CtrlNav\VCProjects\ARDrone\ArDroneAPI\Debug\vp_com.obj
D:\CtrlNav\project\CtrlNav\VCProjects\ARDrone\ArDroneAPI\Debug\vp_com_config_itf.obj
D:\CtrlNav\project\CtrlNav\VCProjects\ARDrone\ArDroneAPI\Debug\vp_com_error.obj
D:\CtrlNav\project\CtrlNav\VCProjects\ARDrone\ArDroneAPI\Debug\vp_com_socket.obj
D:\CtrlNav\project\CtrlNav\VCProjects\ARDrone\ArDroneAPI\Debug\vp_com_socket_utils.obj
D:\CtrlNav\project\CtrlNav\VCProjects\ARDrone\ArDroneAPI\Debug\vp_com_wifi.obj
D:\CtrlNav\project\CtrlNav\VCProjects\ARDrone\ArDroneAPI\Debug\vp_os_delay.obj
D:\CtrlNav\project\CtrlNav\VCProjects\ARDrone\ArDroneAPI\Debug\vp_os_error_handling.obj
D:\CtrlNav\project\CtrlNav\VCProjects\ARDrone\ArDroneAPI\Debug\vp_os_malloc.obj
D:\CtrlNav\project\CtrlNav\VCProjects\ARDrone\ArDroneAPI\Debug\vp_os_signal.obj
D:\CtrlNav\project\CtrlNav\VCProjects\ARDrone\ArDroneAPI\Debug\vp_os_thread.obj
D:\CtrlNav\project\CtrlNav\VCProjects\ARDrone\ArDroneAPI\Debug\vp_stages_buffer_to_picture.obj
D:\CtrlNav\project\CtrlNav\VCProjects\ARDrone\ArDroneAPI\Debug\vp_stages_configs.obj
D:\CtrlNav\project\CtrlNav\VCProjects\ARDrone\ArDroneAPI\Debug\vp_stages_frame_pipe.obj
D:\CtrlNav\project\CtrlNav\VCProjects\ARDrone\ArDroneAPI\Debug\vp_stages_io_buffer.obj
D:\CtrlNav\project\CtrlNav\VCProjects\ARDrone\ArDroneAPI\Debug\vp_stages_io_com.obj
D:\CtrlNav\project\CtrlNav\VCProjects\ARDrone\ArDroneAPI\Debug\vp_stages_io_console.obj
D:\CtrlNav\project\CtrlNav\VCProjects\ARDrone\ArDroneAPI\Debug\vp_stages_io_file.obj
D:\CtrlNav\project\CtrlNav\VCProjects\ARDrone\ArDroneAPI\Debug\vp_stages_o_sdl.obj
D:\CtrlNav\project\CtrlNav\VCProjects\ARDrone\ArDroneAPI\Debug\vp_stages_yuv2rgb.obj
