D:\CTRLNAV\CTRLNAV\VCPROJECTS\ARDRONE\WIN32CLIENT\DEBUG\ARDRONE_TOOL_WIN32.OBJ
D:\CTRLNAV\CTRLNAV\VCPROJECTS\ARDRONE\WIN32CLIENT\DEBUG\CUSTOM_CODE.OBJ
D:\CTRLNAV\CTRLNAV\VCPROJECTS\ARDRONE\WIN32CLIENT\DEBUG\NAVDATA.OBJ
D:\CTRLNAV\CTRLNAV\VCPROJECTS\ARDRONE\WIN32CLIENT\DEBUG\VC100.PDB
D:\CTRLNAV\CTRLNAV\VCPROJECTS\ARDRONE\WIN32CLIENT\DEBUG\WIN32CLIENT.EXE.EMBED.MANIFEST.RES
D:\CtrlNav\project\CtrlNav\VCProjects\ARDrone\Win32Client\Debug\ardrone_tool_win32.obj
D:\CtrlNav\project\CtrlNav\VCProjects\ARDrone\Win32Client\Debug\cl.command.1.tlog
D:\CtrlNav\project\CtrlNav\VCProjects\ARDrone\Win32Client\Debug\CL.read.1.tlog
D:\CtrlNav\project\CtrlNav\VCProjects\ARDrone\Win32Client\Debug\CL.write.1.tlog
D:\CtrlNav\project\CtrlNav\VCProjects\ARDrone\Win32Client\Debug\custom_code.obj
D:\CtrlNav\project\CtrlNav\VCProjects\ARDrone\Win32Client\Debug\link.command.1.tlog
D:\CtrlNav\project\CtrlNav\VCProjects\ARDrone\Win32Client\Debug\link.read.1.tlog
D:\CtrlNav\project\CtrlNav\VCProjects\ARDrone\Win32Client\Debug\link.write.1.tlog
D:\CtrlNav\project\CtrlNav\VCProjects\ARDrone\Win32Client\Debug\navdata.obj
D:\CtrlNav\project\CtrlNav\VCProjects\ARDrone\Win32Client\Debug\rc.command.1.tlog
D:\CtrlNav\project\CtrlNav\VCProjects\ARDrone\Win32Client\Debug\rc.read.1.tlog
D:\CtrlNav\project\CtrlNav\VCProjects\ARDrone\Win32Client\Debug\rc.write.1.tlog
D:\CtrlNav\project\CtrlNav\VCProjects\ARDrone\Win32Client\Debug\vc100.idb
D:\CtrlNav\project\CtrlNav\VCProjects\ARDrone\Win32Client\Debug\vc100.pdb
D:\CtrlNav\project\CtrlNav\VCProjects\ARDrone\Win32Client\Debug\Win32Client.exe.embed.manifest
D:\CtrlNav\project\CtrlNav\VCProjects\ARDrone\Win32Client\Debug\Win32Client.exe.embed.manifest.res
D:\CtrlNav\project\CtrlNav\VCProjects\ARDrone\Win32Client\Debug\Win32Client.write.1.tlog
D:\CtrlNav\project\CtrlNav\VCProjects\ARDrone\Win32Client\Debug\Win32Client_manifest.rc
