生成启动时间为 2015/9/5 17:51:53。
     1>项目“D:\CtrlNav\project\CtrlNav\VCProjects\ARDrone\Win32Client\Win32Client.vcxproj”在节点 2 上(rebuild 个目标)。
     1>_PrepareForClean:
         正在删除文件“Debug\Win32Client.lastbuildstate”。
       InitializeBuildStatus:
         正在对“Debug\Win32Client.unsuccessfulbuild”执行 Touch 任务。
       ClCompile:
         d:\programfiles\vs2013\VC\bin\CL.exe /c /ID:\CtrlNav\project\CtrlNav\VCProjects\ARDrone\\Microsoft_DXUT\optional /ID:\CtrlNav\project\CtrlNav\VCProjects\ARDrone\\Microsoft_DXUT\core /ID:\CtrlNav\project\CtrlNav\VCProjects\ARDrone\ /ID:\CtrlNav\project\CtrlNav\Sources /ID:\CtrlNav\ARDroneLib\VP_SDK\VP_Com\win32 /ID:\CtrlNav\ARDroneLib\VP_SDK\VP_Os\win32 /ID:\CtrlNav\ARDroneLib\Soft\Lib /ID:\CtrlNav\ARDroneLib\Soft\Common /ID:\CtrlNav\ARDroneLib /ID:\CtrlNav\ARDroneLib\VLIB /ID:\CtrlNav\project\CtrlNav\VCProjects\ARDrone\Win32Client\ /ID:\CtrlNav\ARDroneLib\VP_SDK /ZI /nologo /W3 /WX- /Od /Oy- /D WIN32 /D _DEBUG /D _CONSOLE /D _UNICODE /D UNICODE /Gm /EHsc /RTC1 /MDd /GS /fp:precise /Zc:wchar_t /Zc:forScope /Fo"Debug\\" /Fd"Debug\vc100.pdb" /Gd /TC /analyze- /errorReport:prompt D:\CtrlNav\project\CtrlNav\Sources\ardrone_tool_win32.c D:\CtrlNav\project\CtrlNav\Sources\custom_code.c D:\CtrlNav\project\CtrlNav\Sources\Navdata\navdata.c
         navdata.c
         custom_code.c
         ardrone_tool_win32.c
         正在生成代码...
       ManifestResourceCompile:
         C:\Program Files (x86)\Microsoft SDKs\Windows\v7.0A\bin\rc.exe /nologo /fo"Debug\Win32Client.exe.embed.manifest.res" Debug\Win32Client_manifest.rc 
       Link:
         d:\programfiles\vs2013\VC\bin\link.exe /ERRORREPORT:PROMPT /OUT:"D:\CtrlNav\project\CtrlNav\VCProjects\ARDrone\Debug\Win32Client.exe" /INCREMENTAL /NOLOGO /LIBPATH:D:\CtrlNav\project\CtrlNav\VCProjects\ARDrone\\debug ws2_32.lib ArDroneAPI.lib dinput8.lib dxguid.lib comctl32.lib d3dx9d.lib dxerr.lib winmm.lib d3d9.lib kernel32.lib user32.lib gdi32.lib winspool.lib comdlg32.lib advapi32.lib shell32.lib ole32.lib oleaut32.lib uuid.lib odbc32.lib odbccp32.lib /MANIFEST /ManifestFile:"Debug\Win32Client.exe.intermediate.manifest" /MANIFESTUAC:"level='asInvoker' uiAccess='false'" /DEBUG /PDB:"D:\CtrlNav\project\CtrlNav\VCProjects\ARDrone\Debug\Win32Client.pdb" /SUBSYSTEM:CONSOLE /TLBID:1 /DYNAMICBASE /NXCOMPAT /IMPLIB:"D:\CtrlNav\project\CtrlNav\VCProjects\ARDrone\Debug\Win32Client.lib" /MACHINE:X86 Debug\Win32Client.exe.embed.manifest.res
         Debug\ardrone_tool_win32.obj
         Debug\custom_code.obj
         Debug\navdata.obj
         D:\CtrlNav\project\CtrlNav\VCProjects\ARDrone\Debug\ArDroneAPI.lib
     1>LINK : warning LNK4098: 默认库“LIBCMTD”与其他库的使用冲突；请使用 /NODEFAULTLIB:library
       Manifest:
         正在删除文件“Debug\Win32Client.exe.embed.manifest”。
         C:\Program Files (x86)\Microsoft SDKs\Windows\v7.0A\bin\mt.exe /nologo /verbose /out:"Debug\Win32Client.exe.embed.manifest" /manifest Debug\Win32Client.exe.intermediate.manifest
         C:\Program Files (x86)\Microsoft SDKs\Windows\v7.0A\bin\rc.exe /nologo /fo"Debug\Win32Client.exe.embed.manifest.res" Debug\Win32Client_manifest.rc 
       LinkEmbedManifest:
         d:\programfiles\vs2013\VC\bin\link.exe /ERRORREPORT:PROMPT /OUT:"D:\CtrlNav\project\CtrlNav\VCProjects\ARDrone\Debug\Win32Client.exe" /INCREMENTAL /NOLOGO /LIBPATH:D:\CtrlNav\project\CtrlNav\VCProjects\ARDrone\\debug ws2_32.lib ArDroneAPI.lib dinput8.lib dxguid.lib comctl32.lib d3dx9d.lib dxerr.lib winmm.lib d3d9.lib kernel32.lib user32.lib gdi32.lib winspool.lib comdlg32.lib advapi32.lib shell32.lib ole32.lib oleaut32.lib uuid.lib odbc32.lib odbccp32.lib /MANIFEST /ManifestFile:"Debug\Win32Client.exe.intermediate.manifest" /MANIFESTUAC:"level='asInvoker' uiAccess='false'" /DEBUG /PDB:"D:\CtrlNav\project\CtrlNav\VCProjects\ARDrone\Debug\Win32Client.pdb" /SUBSYSTEM:CONSOLE /TLBID:1 /DYNAMICBASE /NXCOMPAT /IMPLIB:"D:\CtrlNav\project\CtrlNav\VCProjects\ARDrone\Debug\Win32Client.lib" /MACHINE:X86 Debug\Win32Client.exe.embed.manifest.res
         Debug\ardrone_tool_win32.obj
         Debug\custom_code.obj
         Debug\navdata.obj
         D:\CtrlNav\project\CtrlNav\VCProjects\ARDrone\Debug\ArDroneAPI.lib
     1>LINK : warning LNK4098: 默认库“LIBCMTD”与其他库的使用冲突；请使用 /NODEFAULTLIB:library
         Win32Client.vcxproj -> D:\CtrlNav\project\CtrlNav\VCProjects\ARDrone\Debug\Win32Client.exe
       FinalizeBuildStatus:
         正在删除文件“Debug\Win32Client.unsuccessfulbuild”。
         正在对“Debug\Win32Client.lastbuildstate”执行 Touch 任务。
     1>已完成生成项目“D:\CtrlNav\project\CtrlNav\VCProjects\ARDrone\Win32Client\Win32Client.vcxproj”(rebuild 个目标)的操作。

生成成功。

已用时间 00:00:04.58
